Started GET "/" for ::1 at 2022-12-20 08:22:25 +0800
  [1m[36mActiveRecord::SchemaMigration Pluck (1.0ms)[0m  [1m[34mSELECT "schema_migrations"."version" FROM "schema_migrations" ORDER BY "schema_migrations"."version" ASC[0m
Processing by PagesController#index as HTML
  [1m[36mTask Load (4.8ms)[0m  [1m[34mSELECT "tasks".* FROM "tasks" ORDER BY updated_at DESC[0m
  ↳ app/controllers/pages_controller.rb:8:in `index'
  [1m[36mUser Load (4.3ms)[0m  [1m[34mSELECT "users".* FROM "users" WHERE "users"."id" = $1 ORDER BY "users"."id" ASC LIMIT $2[0m  [["id", 16], ["LIMIT", 1]]
  ↳ app/controllers/pages_controller.rb:9:in `block in index'
  Rendering layout layouts/application.html.erb
  Rendering pages/index.html.erb within layouts/application
  Rendered shared/_hero.html.erb (Duration: 0.7ms | Allocations: 159)
  Rendered shared/_my-tasks.html.erb (Duration: 2.5ms | Allocations: 959)
  Rendered pages/index.html.erb within layouts/application (Duration: 5.4ms | Allocations: 1890)
  Rendered shared/_navar.html.erb (Duration: 1.2ms | Allocations: 453)
  Rendered shared/_footer.html.erb (Duration: 0.9ms | Allocations: 102)
  Rendered layout layouts/application.html.erb (Duration: 64.3ms | Allocations: 22579)
Completed 200 OK in 140ms (Views: 69.0ms | ActiveRecord: 19.7ms | Allocations: 42782)


Started DELETE "/users/sign_out" for ::1 at 2022-12-20 08:23:14 +0800
Processing by Devise::SessionsController#destroy as TURBO_STREAM
  [1m[36mUser Load (0.3ms)[0m  [1m[34mSELECT "users".* FROM "users" WHERE "users"."id" = $1 ORDER BY "users"."id" ASC LIMIT $2[0m  [["id", 16], ["LIMIT", 1]]
Redirected to http://localhost:3000/
Completed 302 Found in 383ms (ActiveRecord: 0.3ms | Allocations: 279282)


Started GET "/" for ::1 at 2022-12-20 08:23:14 +0800
Processing by PagesController#index as TURBO_STREAM
  [1m[36mTask Load (0.8ms)[0m  [1m[34mSELECT "tasks".* FROM "tasks" ORDER BY updated_at DESC[0m
  ↳ app/controllers/pages_controller.rb:8:in `index'
Completed 500 Internal Server Error in 10ms (ActiveRecord: 0.8ms | Allocations: 3126)


  
NoMethodError (undefined method `id' for nil:NilClass

      task.user_id == current_user.id
                                  ^^^):
  
app/controllers/pages_controller.rb:9:in `block in index'
app/controllers/pages_controller.rb:8:in `index'
Started GET "/" for ::1 at 2022-12-20 08:47:19 +0800
Processing by PagesController#index as HTML
  [1m[36mTask Load (1.5ms)[0m  [1m[34mSELECT "tasks".* FROM "tasks" ORDER BY updated_at ASC[0m
  ↳ app/controllers/pages_controller.rb:8:in `index'
Completed 500 Internal Server Error in 36ms (ActiveRecord: 9.6ms | Allocations: 9764)


  
NoMethodError (undefined method `id' for nil:NilClass

      task.user_id == current_user.id
                                  ^^^):
  
app/controllers/pages_controller.rb:9:in `block in index'
app/controllers/pages_controller.rb:8:in `index'
Started GET "/" for ::1 at 2022-12-20 08:49:23 +0800
Processing by PagesController#index as HTML
  [1m[36mTask Load (0.6ms)[0m  [1m[34mSELECT "tasks".* FROM "tasks" ORDER BY updated_at ASC[0m
  ↳ app/controllers/pages_controller.rb:8:in `index'
  Rendering layout layouts/application.html.erb
  Rendering pages/index.html.erb within layouts/application
  Rendered shared/_hero-not-logged.html.erb (Duration: 0.9ms | Allocations: 284)
  Rendered shared/_no-tasks.html.erb (Duration: 0.6ms | Allocations: 118)
  Rendered pages/index.html.erb within layouts/application (Duration: 2.5ms | Allocations: 733)
  Rendered shared/_navar.html.erb (Duration: 0.2ms | Allocations: 67)
  Rendered shared/_footer.html.erb (Duration: 0.1ms | Allocations: 9)
  Rendered layout layouts/application.html.erb (Duration: 7.7ms | Allocations: 2906)
Completed 200 OK in 25ms (Views: 8.8ms | ActiveRecord: 5.2ms | Allocations: 10963)


Started GET "/" for ::1 at 2022-12-20 08:50:37 +0800
Processing by PagesController#index as HTML
  [1m[36mTask Load (0.8ms)[0m  [1m[34mSELECT "tasks".* FROM "tasks" ORDER BY updated_at ASC[0m
  ↳ app/controllers/pages_controller.rb:8:in `index'
  Rendering layout layouts/application.html.erb
  Rendering pages/index.html.erb within layouts/application
  Rendered shared/_hero-not-logged.html.erb (Duration: 0.7ms | Allocations: 255)
  Rendered shared/_no-tasks.html.erb (Duration: 0.4ms | Allocations: 118)
  Rendered pages/index.html.erb within layouts/application (Duration: 3.3ms | Allocations: 924)
  Rendered shared/_navar.html.erb (Duration: 1.2ms | Allocations: 345)
  Rendered shared/_footer.html.erb (Duration: 0.9ms | Allocations: 101)
  Rendered layout layouts/application.html.erb (Duration: 11.8ms | Allocations: 3776)
Completed 200 OK in 28ms (Views: 13.4ms | ActiveRecord: 3.0ms | Allocations: 12186)


Started GET "/" for ::1 at 2022-12-20 08:51:09 +0800
Processing by PagesController#index as HTML
  [1m[36mTask Load (1.2ms)[0m  [1m[34mSELECT "tasks".* FROM "tasks" ORDER BY updated_at ASC[0m
  ↳ app/controllers/pages_controller.rb:8:in `index'
  Rendering layout layouts/application.html.erb
  Rendering pages/index.html.erb within layouts/application
  Rendered shared/_hero-not-logged.html.erb (Duration: 0.6ms | Allocations: 247)
  Rendered shared/_no-tasks.html.erb (Duration: 0.4ms | Allocations: 124)
  Rendered pages/index.html.erb within layouts/application (Duration: 2.2ms | Allocations: 916)
  Rendered shared/_navar.html.erb (Duration: 1.5ms | Allocations: 345)
  Rendered shared/_footer.html.erb (Duration: 0.7ms | Allocations: 101)
  Rendered layout layouts/application.html.erb (Duration: 10.9ms | Allocations: 3754)
Completed 200 OK in 22ms (Views: 13.0ms | ActiveRecord: 1.2ms | Allocations: 7990)


Started GET "/" for ::1 at 2022-12-20 08:51:34 +0800
Processing by PagesController#index as HTML
  [1m[36mTask Load (1.6ms)[0m  [1m[34mSELECT "tasks".* FROM "tasks" ORDER BY updated_at ASC[0m
  ↳ app/controllers/pages_controller.rb:8:in `index'
  Rendering layout layouts/application.html.erb
  Rendering pages/index.html.erb within layouts/application
  Rendered shared/_hero-not-logged.html.erb (Duration: 0.6ms | Allocations: 247)
  Rendered shared/_no-tasks.html.erb (Duration: 0.4ms | Allocations: 130)
  Rendered pages/index.html.erb within layouts/application (Duration: 3.0ms | Allocations: 922)
  Rendered shared/_navar.html.erb (Duration: 2.5ms | Allocations: 345)
  Rendered shared/_footer.html.erb (Duration: 1.7ms | Allocations: 101)
  Rendered layout layouts/application.html.erb (Duration: 16.1ms | Allocations: 3759)
Completed 200 OK in 28ms (Views: 19.2ms | ActiveRecord: 1.6ms | Allocations: 7989)


Started GET "/" for ::1 at 2022-12-20 08:52:02 +0800
Processing by PagesController#index as HTML
  [1m[36mTask Load (0.9ms)[0m  [1m[34mSELECT "tasks".* FROM "tasks" ORDER BY updated_at ASC[0m
  ↳ app/controllers/pages_controller.rb:8:in `index'
  Rendering layout layouts/application.html.erb
  Rendering pages/index.html.erb within layouts/application
  Rendered shared/_hero-not-logged.html.erb (Duration: 0.6ms | Allocations: 247)
  Rendered shared/_no-tasks.html.erb (Duration: 0.3ms | Allocations: 130)
  Rendered pages/index.html.erb within layouts/application (Duration: 2.2ms | Allocations: 922)
  Rendered shared/_navar.html.erb (Duration: 0.6ms | Allocations: 345)
  Rendered shared/_footer.html.erb (Duration: 0.3ms | Allocations: 101)
  Rendered layout layouts/application.html.erb (Duration: 7.3ms | Allocations: 3759)
Completed 200 OK in 18ms (Views: 9.1ms | ActiveRecord: 0.9ms | Allocations: 7980)


Started GET "/" for ::1 at 2022-12-20 08:52:49 +0800
Processing by PagesController#index as HTML
  [1m[36mTask Load (0.9ms)[0m  [1m[34mSELECT "tasks".* FROM "tasks" ORDER BY updated_at ASC[0m
  ↳ app/controllers/pages_controller.rb:8:in `index'
  Rendering layout layouts/application.html.erb
  Rendering pages/index.html.erb within layouts/application
  Rendered shared/_hero-not-logged.html.erb (Duration: 1.2ms | Allocations: 252)
  Rendered shared/_no-tasks.html.erb (Duration: 1.0ms | Allocations: 136)
  Rendered pages/index.html.erb within layouts/application (Duration: 4.7ms | Allocations: 938)
  Rendered shared/_navar.html.erb (Duration: 0.7ms | Allocations: 345)
  Rendered shared/_footer.html.erb (Duration: 0.3ms | Allocations: 101)
  Rendered layout layouts/application.html.erb (Duration: 11.2ms | Allocations: 3784)
Completed 200 OK in 21ms (Views: 13.7ms | ActiveRecord: 0.9ms | Allocations: 8000)


Started GET "/" for ::1 at 2022-12-20 08:54:05 +0800
Processing by PagesController#index as HTML
  [1m[36mTask Load (0.7ms)[0m  [1m[34mSELECT "tasks".* FROM "tasks" ORDER BY updated_at ASC[0m
  ↳ app/controllers/pages_controller.rb:8:in `index'
  Rendering layout layouts/application.html.erb
  Rendering pages/index.html.erb within layouts/application
  Rendered shared/_hero-not-logged.html.erb (Duration: 0.4ms | Allocations: 247)
  Rendered shared/_no-tasks.html.erb (Duration: 0.6ms | Allocations: 142)
  Rendered pages/index.html.erb within layouts/application (Duration: 3.3ms | Allocations: 934)
  Rendered shared/_navar.html.erb (Duration: 0.6ms | Allocations: 345)
  Rendered shared/_footer.html.erb (Duration: 0.4ms | Allocations: 101)
  Rendered layout layouts/application.html.erb (Duration: 9.1ms | Allocations: 3771)
Completed 200 OK in 16ms (Views: 11.0ms | ActiveRecord: 0.7ms | Allocations: 8001)


Started GET "/" for ::1 at 2022-12-20 08:54:10 +0800
Processing by PagesController#index as HTML
  [1m[36mTask Load (0.8ms)[0m  [1m[34mSELECT "tasks".* FROM "tasks" ORDER BY updated_at ASC[0m
  ↳ app/controllers/pages_controller.rb:8:in `index'
  Rendering layout layouts/application.html.erb
  Rendering pages/index.html.erb within layouts/application
  Rendered shared/_hero-not-logged.html.erb (Duration: 0.4ms | Allocations: 247)
  Rendered shared/_no-tasks.html.erb (Duration: 0.3ms | Allocations: 142)
  Rendered pages/index.html.erb within layouts/application (Duration: 1.8ms | Allocations: 935)
  Rendered shared/_navar.html.erb (Duration: 1.4ms | Allocations: 345)
  Rendered shared/_footer.html.erb (Duration: 0.4ms | Allocations: 101)
  Rendered layout layouts/application.html.erb (Duration: 7.5ms | Allocations: 3772)
Completed 200 OK in 17ms (Views: 9.3ms | ActiveRecord: 0.8ms | Allocations: 8003)


  [1m[35m (0.2ms)[0m  [1m[34mSELECT pg_try_advisory_lock(5796706365260502195)[0m
  [1m[36mActiveRecord::SchemaMigration Pluck (1.0ms)[0m  [1m[34mSELECT "schema_migrations"."version" FROM "schema_migrations" ORDER BY "schema_migrations"."version" ASC[0m
Migrating to AddStatusOnTask (20221220010150)
  [1m[36mTRANSACTION (0.3ms)[0m  [1m[35mBEGIN[0m
  [1m[35m (5.0ms)[0m  [1m[35mALTER TABLE "users" ADD "task_done" boolean[0m
  [1m[36mActiveRecord::SchemaMigration Create (1.3ms)[0m  [1m[32mINSERT INTO "schema_migrations" ("version") VALUES ($1) RETURNING "version"[0m  [["version", "20221220010150"]]
  [1m[36mTRANSACTION (2.5ms)[0m  [1m[35mCOMMIT[0m
  [1m[36mActiveRecord::InternalMetadata Load (4.2ms)[0m  [1m[34mSELECT "ar_internal_metadata".* FROM "ar_internal_metadata" WHERE "ar_internal_metadata"."key" = $1 LIMIT $2[0m  [["key", "environment"], ["LIMIT", 1]]
  [1m[35m (0.4ms)[0m  [1m[34mSELECT pg_advisory_unlock(5796706365260502195)[0m
  [1m[36mActiveRecord::SchemaMigration Pluck (0.6ms)[0m  [1m[34mSELECT "schema_migrations"."version" FROM "schema_migrations" ORDER BY "schema_migrations"."version" ASC[0m
  [1m[35m (0.1ms)[0m  [1m[34mSELECT pg_try_advisory_lock(5796706365260502195)[0m
  [1m[36mActiveRecord::SchemaMigration Pluck (0.5ms)[0m  [1m[34mSELECT "schema_migrations"."version" FROM "schema_migrations" ORDER BY "schema_migrations"."version" ASC[0m
Migrating to ChangeStatus (20221220010336)
  [1m[36mTRANSACTION (0.2ms)[0m  [1m[35mBEGIN[0m
  [1m[35m (3.4ms)[0m  [1m[35mALTER TABLE "table" ALTER COLUMN "task_done" TYPE boolean, ALTER COLUMN "task_done" SET DEFAULT FALSE, ALTER COLUMN "task_done" SET NOT NULL[0m
  [1m[36mTRANSACTION (0.1ms)[0m  [1m[31mROLLBACK[0m
  [1m[35m (0.2ms)[0m  [1m[34mSELECT pg_advisory_unlock(5796706365260502195)[0m
  [1m[35m (0.1ms)[0m  [1m[34mSELECT pg_try_advisory_lock(5796706365260502195)[0m
  [1m[36mActiveRecord::SchemaMigration Pluck (0.5ms)[0m  [1m[34mSELECT "schema_migrations"."version" FROM "schema_migrations" ORDER BY "schema_migrations"."version" ASC[0m
Migrating to ChangeStatus (20221220010336)
  [1m[36mTRANSACTION (0.2ms)[0m  [1m[35mBEGIN[0m
  [1m[35m (0.9ms)[0m  [1m[35mALTER TABLE "tasks" ALTER COLUMN "task_done" TYPE boolean, ALTER COLUMN "task_done" SET DEFAULT FALSE, ALTER COLUMN "task_done" SET NOT NULL[0m
  [1m[36mTRANSACTION (0.1ms)[0m  [1m[31mROLLBACK[0m
  [1m[35m (0.2ms)[0m  [1m[34mSELECT pg_advisory_unlock(5796706365260502195)[0m
  [1m[35m (0.1ms)[0m  [1m[34mSELECT pg_try_advisory_lock(5796706365260502195)[0m
  [1m[36mActiveRecord::SchemaMigration Pluck (0.4ms)[0m  [1m[34mSELECT "schema_migrations"."version" FROM "schema_migrations" ORDER BY "schema_migrations"."version" ASC[0m
Migrating to ChangeStatus (20221220010336)
  [1m[36mTRANSACTION (0.1ms)[0m  [1m[35mBEGIN[0m
  [1m[35m (0.9ms)[0m  [1m[35mALTER TABLE "tasks" ALTER COLUMN "task_done" TYPE boolean, ALTER COLUMN "task_done" SET DEFAULT FALSE, ALTER COLUMN "task_done" SET NOT NULL[0m
  [1m[36mTRANSACTION (0.1ms)[0m  [1m[31mROLLBACK[0m
  [1m[35m (0.2ms)[0m  [1m[34mSELECT pg_advisory_unlock(5796706365260502195)[0m
  [1m[35m (0.1ms)[0m  [1m[34mSELECT pg_try_advisory_lock(5796706365260502195)[0m
  [1m[36mActiveRecord::SchemaMigration Pluck (0.4ms)[0m  [1m[34mSELECT "schema_migrations"."version" FROM "schema_migrations" ORDER BY "schema_migrations"."version" ASC[0m
Migrating to ChangeStatus (20221220010336)
  [1m[36mTRANSACTION (0.1ms)[0m  [1m[35mBEGIN[0m
  [1m[35m (0.5ms)[0m  [1m[35mALTER TABLE "tasks" ADD "task_done" boolean[0m
  [1m[36mActiveRecord::SchemaMigration Create (0.4ms)[0m  [1m[32mINSERT INTO "schema_migrations" ("version") VALUES ($1) RETURNING "version"[0m  [["version", "20221220010336"]]
  [1m[36mTRANSACTION (0.5ms)[0m  [1m[35mCOMMIT[0m
  [1m[36mActiveRecord::InternalMetadata Load (0.3ms)[0m  [1m[34mSELECT "ar_internal_metadata".* FROM "ar_internal_metadata" WHERE "ar_internal_metadata"."key" = $1 LIMIT $2[0m  [["key", "environment"], ["LIMIT", 1]]
  [1m[35m (0.2ms)[0m  [1m[34mSELECT pg_advisory_unlock(5796706365260502195)[0m
  [1m[36mActiveRecord::SchemaMigration Pluck (0.4ms)[0m  [1m[34mSELECT "schema_migrations"."version" FROM "schema_migrations" ORDER BY "schema_migrations"."version" ASC[0m
  [1m[35m (0.2ms)[0m  [1m[34mSELECT pg_try_advisory_lock(5796706365260502195)[0m
  [1m[36mActiveRecord::SchemaMigration Pluck (0.6ms)[0m  [1m[34mSELECT "schema_migrations"."version" FROM "schema_migrations" ORDER BY "schema_migrations"."version" ASC[0m
Migrating to StatusTask (20221220010523)
  [1m[36mTRANSACTION (0.1ms)[0m  [1m[35mBEGIN[0m
  [1m[35m (5.6ms)[0m  [1m[35mALTER TABLE "tasks" ALTER COLUMN "task_done" TYPE boolean, ALTER COLUMN "task_done" SET DEFAULT FALSE, ALTER COLUMN "task_done" SET NOT NULL[0m
  [1m[36mTRANSACTION (0.1ms)[0m  [1m[31mROLLBACK[0m
  [1m[35m (0.3ms)[0m  [1m[34mSELECT pg_advisory_unlock(5796706365260502195)[0m
  [1m[35m (0.1ms)[0m  [1m[34mSELECT pg_try_advisory_lock(5796706365260502195)[0m
  [1m[36mActiveRecord::SchemaMigration Pluck (0.5ms)[0m  [1m[34mSELECT "schema_migrations"."version" FROM "schema_migrations" ORDER BY "schema_migrations"."version" ASC[0m
Migrating to StatusTask (20221220010523)
  [1m[36mTRANSACTION (0.1ms)[0m  [1m[35mBEGIN[0m
  [1m[35m (0.6ms)[0m  [1m[35mALTER TABLE "tasks" ALTER COLUMN "task_done" TYPE boolean, ALTER COLUMN "task_done" SET DEFAULT FALSE[0m
  [1m[36mActiveRecord::SchemaMigration Create (0.3ms)[0m  [1m[32mINSERT INTO "schema_migrations" ("version") VALUES ($1) RETURNING "version"[0m  [["version", "20221220010523"]]
  [1m[36mTRANSACTION (1.4ms)[0m  [1m[35mCOMMIT[0m
  [1m[36mActiveRecord::InternalMetadata Load (0.3ms)[0m  [1m[34mSELECT "ar_internal_metadata".* FROM "ar_internal_metadata" WHERE "ar_internal_metadata"."key" = $1 LIMIT $2[0m  [["key", "environment"], ["LIMIT", 1]]
  [1m[35m (0.2ms)[0m  [1m[34mSELECT pg_advisory_unlock(5796706365260502195)[0m
  [1m[36mActiveRecord::SchemaMigration Pluck (0.5ms)[0m  [1m[34mSELECT "schema_migrations"."version" FROM "schema_migrations" ORDER BY "schema_migrations"."version" ASC[0m
  [1m[35m (0.1ms)[0m  [1m[34mSELECT pg_try_advisory_lock(5796706365260502195)[0m
  [1m[36mActiveRecord::SchemaMigration Pluck (0.6ms)[0m  [1m[34mSELECT "schema_migrations"."version" FROM "schema_migrations" ORDER BY "schema_migrations"."version" ASC[0m
Migrating to DeleteStatusFromUser (20221220010628)
  [1m[36mTRANSACTION (0.1ms)[0m  [1m[35mBEGIN[0m
  [1m[35m (4.9ms)[0m  [1m[35mALTER TABLE "users" DROP COLUMN "task_done"[0m
  [1m[36mActiveRecord::SchemaMigration Create (0.3ms)[0m  [1m[32mINSERT INTO "schema_migrations" ("version") VALUES ($1) RETURNING "version"[0m  [["version", "20221220010628"]]
  [1m[36mTRANSACTION (0.6ms)[0m  [1m[35mCOMMIT[0m
  [1m[36mActiveRecord::InternalMetadata Load (0.4ms)[0m  [1m[34mSELECT "ar_internal_metadata".* FROM "ar_internal_metadata" WHERE "ar_internal_metadata"."key" = $1 LIMIT $2[0m  [["key", "environment"], ["LIMIT", 1]]
  [1m[35m (0.2ms)[0m  [1m[34mSELECT pg_advisory_unlock(5796706365260502195)[0m
  [1m[36mActiveRecord::SchemaMigration Pluck (0.5ms)[0m  [1m[34mSELECT "schema_migrations"."version" FROM "schema_migrations" ORDER BY "schema_migrations"."version" ASC[0m
Started GET "/users/sign_in" for ::1 at 2022-12-20 09:09:57 +0800
  [1m[36mActiveRecord::SchemaMigration Pluck (0.5ms)[0m  [1m[34mSELECT "schema_migrations"."version" FROM "schema_migrations" ORDER BY "schema_migrations"."version" ASC[0m
Processing by Devise::SessionsController#new as HTML
  Rendering layout layouts/application.html.erb
  Rendering devise/sessions/new.html.erb within layouts/application
  Rendered devise/sessions/new.html.erb within layouts/application (Duration: 18.4ms | Allocations: 2646)
  Rendered shared/_navar.html.erb (Duration: 0.3ms | Allocations: 126)
  Rendered shared/_footer.html.erb (Duration: 0.1ms | Allocations: 9)
  Rendered layout layouts/application.html.erb (Duration: 25.7ms | Allocations: 4848)
Completed 200 OK in 43ms (Views: 28.7ms | ActiveRecord: 4.3ms | Allocations: 9115)


Started POST "/users/sign_in" for ::1 at 2022-12-20 09:10:02 +0800
Processing by Devise::SessionsController#create as TURBO_STREAM
  Parameters: {"authenticity_token"=>"[FILTERED]", "user"=>{"email"=>"paaaar@gmail.com", "password"=>"[FILTERED]", "remember_me"=>"0"}, "commit"=>"Log in"}
  [1m[36mUser Load (0.7ms)[0m  [1m[34mSELECT "users".* FROM "users" WHERE "users"."email" = $1 ORDER BY "users"."id" ASC LIMIT $2[0m  [["email", "paaaar@gmail.com"], ["LIMIT", 1]]
Redirected to http://localhost:3000/
Completed 302 Found in 239ms (ActiveRecord: 0.9ms | Allocations: 4069)


Started GET "/" for ::1 at 2022-12-20 09:10:02 +0800
Processing by PagesController#index as TURBO_STREAM
  [1m[36mTask Load (2.4ms)[0m  [1m[34mSELECT "tasks".* FROM "tasks" ORDER BY updated_at ASC[0m
  ↳ app/controllers/pages_controller.rb:8:in `index'
  [1m[36mUser Load (0.3ms)[0m  [1m[34mSELECT "users".* FROM "users" WHERE "users"."id" = $1 ORDER BY "users"."id" ASC LIMIT $2[0m  [["id", 16], ["LIMIT", 1]]
  ↳ app/controllers/pages_controller.rb:9:in `block in index'
  Rendering layout layouts/application.html.erb
  Rendering pages/index.html.erb within layouts/application
  Rendered shared/_hero.html.erb (Duration: 1.0ms | Allocations: 161)
  Rendered shared/_my-tasks.html.erb (Duration: 2.5ms | Allocations: 865)
  Rendered pages/index.html.erb within layouts/application (Duration: 6.6ms | Allocations: 1371)
  Rendered shared/_navar.html.erb (Duration: 0.3ms | Allocations: 146)
  Rendered shared/_footer.html.erb (Duration: 0.0ms | Allocations: 9)
  Rendered layout layouts/application.html.erb (Duration: 11.8ms | Allocations: 3610)
Completed 200 OK in 36ms (Views: 12.9ms | ActiveRecord: 2.6ms | Allocations: 9951)


Started GET "/" for ::1 at 2022-12-20 09:12:01 +0800
Processing by PagesController#index as HTML
  [1m[36mTask Load (0.8ms)[0m  [1m[34mSELECT "tasks".* FROM "tasks" ORDER BY end_date ASC[0m
  ↳ app/controllers/pages_controller.rb:8:in `index'
  [1m[36mUser Load (0.2ms)[0m  [1m[34mSELECT "users".* FROM "users" WHERE "users"."id" = $1 ORDER BY "users"."id" ASC LIMIT $2[0m  [["id", 16], ["LIMIT", 1]]
  ↳ app/controllers/pages_controller.rb:9:in `block in index'
  Rendering layout layouts/application.html.erb
  Rendering pages/index.html.erb within layouts/application
  Rendered shared/_hero.html.erb (Duration: 0.0ms | Allocations: 25)
  Rendered shared/_my-tasks.html.erb (Duration: 0.5ms | Allocations: 553)
  Rendered pages/index.html.erb within layouts/application (Duration: 0.8ms | Allocations: 722)
  Rendered shared/_navar.html.erb (Duration: 0.2ms | Allocations: 146)
  Rendered shared/_footer.html.erb (Duration: 0.0ms | Allocations: 9)
  Rendered layout layouts/application.html.erb (Duration: 4.4ms | Allocations: 2954)
Completed 200 OK in 29ms (Views: 5.3ms | ActiveRecord: 5.5ms | Allocations: 13601)


Started GET "/users/edit" for ::1 at 2022-12-20 09:12:24 +0800
Processing by Devise::RegistrationsController#edit as HTML
  [1m[36mUser Load (0.3ms)[0m  [1m[34mSELECT "users".* FROM "users" WHERE "users"."id" = $1 ORDER BY "users"."id" ASC LIMIT $2[0m  [["id", 16], ["LIMIT", 1]]
  Rendering layout layouts/application.html.erb
  Rendering devise/registrations/edit.html.erb within layouts/application
  Rendered devise/shared/_error_messages.html.erb (Duration: 1.2ms | Allocations: 203)
  Rendered devise/registrations/edit.html.erb within layouts/application (Duration: 5.7ms | Allocations: 1916)
  Rendered shared/_navar.html.erb (Duration: 0.2ms | Allocations: 138)
  Rendered shared/_footer.html.erb (Duration: 0.0ms | Allocations: 9)
  Rendered layout layouts/application.html.erb (Duration: 8.7ms | Allocations: 4102)
Completed 200 OK in 15ms (Views: 11.3ms | ActiveRecord: 0.3ms | Allocations: 6660)


Started GET "/" for ::1 at 2022-12-20 09:12:26 +0800
Processing by PagesController#index as HTML
  [1m[36mTask Load (1.6ms)[0m  [1m[34mSELECT "tasks".* FROM "tasks" ORDER BY end_date ASC[0m
  ↳ app/controllers/pages_controller.rb:8:in `index'
  [1m[36mUser Load (0.5ms)[0m  [1m[34mSELECT "users".* FROM "users" WHERE "users"."id" = $1 ORDER BY "users"."id" ASC LIMIT $2[0m  [["id", 16], ["LIMIT", 1]]
  ↳ app/controllers/pages_controller.rb:9:in `block in index'
  Rendering layout layouts/application.html.erb
  Rendering pages/index.html.erb within layouts/application
  Rendered shared/_hero.html.erb (Duration: 0.1ms | Allocations: 15)
  Rendered shared/_my-tasks.html.erb (Duration: 0.7ms | Allocations: 488)
  Rendered pages/index.html.erb within layouts/application (Duration: 1.1ms | Allocations: 628)
  Rendered shared/_navar.html.erb (Duration: 1.4ms | Allocations: 123)
  Rendered shared/_footer.html.erb (Duration: 0.2ms | Allocations: 8)
  Rendered layout layouts/application.html.erb (Duration: 10.7ms | Allocations: 2647)
Completed 200 OK in 25ms (Views: 11.5ms | ActiveRecord: 2.0ms | Allocations: 5493)


Started GET "/tasks/514" for ::1 at 2022-12-20 09:14:32 +0800
Processing by TasksController#show as HTML
  Parameters: {"id"=>"514"}
  [1m[36mTask Load (0.3ms)[0m  [1m[34mSELECT "tasks".* FROM "tasks" WHERE "tasks"."id" = $1 LIMIT $2[0m  [["id", 514], ["LIMIT", 1]]
  ↳ app/controllers/tasks_controller.rb:11:in `show'
  Rendering layout layouts/application.html.erb
  Rendering tasks/show.html.erb within layouts/application
  Rendered tasks/show.html.erb within layouts/application (Duration: 2.3ms | Allocations: 655)
  [1m[36mUser Load (0.3ms)[0m  [1m[34mSELECT "users".* FROM "users" WHERE "users"."id" = $1 ORDER BY "users"."id" ASC LIMIT $2[0m  [["id", 16], ["LIMIT", 1]]
  ↳ app/views/shared/_navar.html.erb:13
  Rendered shared/_navar.html.erb (Duration: 2.1ms | Allocations: 1100)
  Rendered shared/_footer.html.erb (Duration: 0.0ms | Allocations: 9)
  Rendered layout layouts/application.html.erb (Duration: 9.2ms | Allocations: 4189)
Completed 200 OK in 15ms (Views: 11.3ms | ActiveRecord: 0.6ms | Allocations: 6172)


Started GET "/tasks/514" for ::1 at 2022-12-20 09:14:41 +0800
Processing by TasksController#show as HTML
  Parameters: {"id"=>"514"}
  [1m[36mTask Load (0.3ms)[0m  [1m[34mSELECT "tasks".* FROM "tasks" WHERE "tasks"."id" = $1 LIMIT $2[0m  [["id", 514], ["LIMIT", 1]]
  ↳ app/controllers/tasks_controller.rb:11:in `show'
  Rendering layout layouts/application.html.erb
  Rendering tasks/show.html.erb within layouts/application
  Rendered tasks/show.html.erb within layouts/application (Duration: 0.5ms | Allocations: 151)
  [1m[36mUser Load (0.4ms)[0m  [1m[34mSELECT "users".* FROM "users" WHERE "users"."id" = $1 ORDER BY "users"."id" ASC LIMIT $2[0m  [["id", 16], ["LIMIT", 1]]
  ↳ app/views/shared/_navar.html.erb:13
  Rendered shared/_navar.html.erb (Duration: 2.4ms | Allocations: 913)
  Rendered shared/_footer.html.erb (Duration: 0.0ms | Allocations: 8)
  Rendered layout layouts/application.html.erb (Duration: 6.7ms | Allocations: 3244)
Completed 200 OK in 10ms (Views: 6.8ms | ActiveRecord: 0.7ms | Allocations: 4049)


Started GET "/tasks/514/edit" for ::1 at 2022-12-20 09:14:43 +0800
Processing by TasksController#edit as HTML
  Parameters: {"id"=>"514"}
  [1m[36mTask Load (0.3ms)[0m  [1m[34mSELECT "tasks".* FROM "tasks" WHERE "tasks"."id" = $1 LIMIT $2[0m  [["id", 514], ["LIMIT", 1]]
  ↳ app/controllers/tasks_controller.rb:32:in `edit'
  Rendering layout layouts/application.html.erb
  Rendering tasks/edit.html.erb within layouts/application
  Rendered tasks/edit.html.erb within layouts/application (Duration: 17.6ms | Allocations: 3558)
  [1m[36mUser Load (0.2ms)[0m  [1m[34mSELECT "users".* FROM "users" WHERE "users"."id" = $1 ORDER BY "users"."id" ASC LIMIT $2[0m  [["id", 16], ["LIMIT", 1]]
  ↳ app/views/shared/_navar.html.erb:13
  Rendered shared/_navar.html.erb (Duration: 2.0ms | Allocations: 1086)
  Rendered shared/_footer.html.erb (Duration: 0.0ms | Allocations: 8)
  Rendered layout layouts/application.html.erb (Duration: 22.9ms | Allocations: 6655)
Completed 200 OK in 25ms (Views: 23.1ms | ActiveRecord: 0.5ms | Allocations: 7499)


Started PATCH "/tasks/514" for ::1 at 2022-12-20 09:14:52 +0800
Processing by TasksController#update as TURBO_STREAM
  Parameters: {"authenticity_token"=>"[FILTERED]", "task"=>{"title"=>"LectureLectureLectureLecture", "content"=>"\nekfnez,fnzep,fkeznfkeznfkeznfenfoieznfoiezfnozefoizef\nekfnez,fnzep,fkeznfkeznfkeznfenfoieznfoiezfnozefoizef\nekfnez,fnzep,fkeznfkeznfkeznfenfoieznfoiezfnozefoizef\nekfnez,fnzep,fkeznfkeznfkeznfenfoieznfoiezfnozefoizef\n", "difficulty"=>"6", "start_date"=>"2022-12-18", "end_date"=>"2022-12-19"}, "commit"=>"Submit", "id"=>"514"}
  [1m[36mTask Load (0.3ms)[0m  [1m[34mSELECT "tasks".* FROM "tasks" WHERE "tasks"."id" = $1 LIMIT $2[0m  [["id", 514], ["LIMIT", 1]]
  ↳ app/controllers/tasks_controller.rb:36:in `update'
  [1m[36mTRANSACTION (0.2ms)[0m  [1m[35mBEGIN[0m
  ↳ app/controllers/tasks_controller.rb:37:in `update'
  [1m[36mTask Update (0.5ms)[0m  [1m[33mUPDATE "tasks" SET "updated_at" = $1, "content" = $2 WHERE "tasks"."id" = $3[0m  [["updated_at", "2022-12-20 01:14:52.631173"], ["content", "\nekfnez,fnzep,fkeznfkeznfkeznfenfoieznfoiezfnozefoizef\nekfnez,fnzep,fkeznfkeznfkeznfenfoieznfoiezfnozefoizef\nekfnez,fnzep,fkeznfkeznfkeznfenfoieznfoiezfnozefoizef\nekfnez,fnzep,fkeznfkeznfkeznfenfoieznfoiezfnozefoizef\n"], ["id", 514]]
  ↳ app/controllers/tasks_controller.rb:37:in `update'
  [1m[36mTRANSACTION (5.6ms)[0m  [1m[35mCOMMIT[0m
  ↳ app/controllers/tasks_controller.rb:37:in `update'
Redirected to http://localhost:3000/tasks/514
Completed 302 Found in 18ms (ActiveRecord: 6.6ms | Allocations: 4038)


Started GET "/tasks/514" for ::1 at 2022-12-20 09:14:52 +0800
Processing by TasksController#show as TURBO_STREAM
  Parameters: {"id"=>"514"}
  [1m[36mTask Load (0.4ms)[0m  [1m[34mSELECT "tasks".* FROM "tasks" WHERE "tasks"."id" = $1 LIMIT $2[0m  [["id", 514], ["LIMIT", 1]]
  ↳ app/controllers/tasks_controller.rb:11:in `show'
  Rendering layout layouts/application.html.erb
  Rendering tasks/show.html.erb within layouts/application
  Rendered tasks/show.html.erb within layouts/application (Duration: 0.3ms | Allocations: 154)
  [1m[36mUser Load (0.2ms)[0m  [1m[34mSELECT "users".* FROM "users" WHERE "users"."id" = $1 ORDER BY "users"."id" ASC LIMIT $2[0m  [["id", 16], ["LIMIT", 1]]
  ↳ app/views/shared/_navar.html.erb:13
  Rendered shared/_navar.html.erb (Duration: 2.6ms | Allocations: 913)
  Rendered shared/_footer.html.erb (Duration: 0.0ms | Allocations: 8)
  Rendered layout layouts/application.html.erb (Duration: 6.5ms | Allocations: 3239)
Completed 200 OK in 9ms (Views: 6.7ms | ActiveRecord: 0.6ms | Allocations: 4044)


Started GET "/tasks/514" for ::1 at 2022-12-20 09:15:24 +0800
Processing by TasksController#show as HTML
  Parameters: {"id"=>"514"}
  [1m[36mTask Load (0.2ms)[0m  [1m[34mSELECT "tasks".* FROM "tasks" WHERE "tasks"."id" = $1 LIMIT $2[0m  [["id", 514], ["LIMIT", 1]]
  ↳ app/controllers/tasks_controller.rb:11:in `show'
  Rendering layout layouts/application.html.erb
  Rendering tasks/show.html.erb within layouts/application
  Rendered tasks/show.html.erb within layouts/application (Duration: 1.6ms | Allocations: 622)
  [1m[36mUser Load (0.2ms)[0m  [1m[34mSELECT "users".* FROM "users" WHERE "users"."id" = $1 ORDER BY "users"."id" ASC LIMIT $2[0m  [["id", 16], ["LIMIT", 1]]
  ↳ app/views/shared/_navar.html.erb:13
  Rendered shared/_navar.html.erb (Duration: 3.7ms | Allocations: 1375)
  Rendered shared/_footer.html.erb (Duration: 1.0ms | Allocations: 101)
  Rendered layout layouts/application.html.erb (Duration: 12.5ms | Allocations: 4826)
Completed 200 OK in 17ms (Views: 14.6ms | ActiveRecord: 0.4ms | Allocations: 6166)


Started GET "/tasks/514" for ::1 at 2022-12-20 09:15:33 +0800
Processing by TasksController#show as HTML
  Parameters: {"id"=>"514"}
  [1m[36mTask Load (0.1ms)[0m  [1m[34mSELECT "tasks".* FROM "tasks" WHERE "tasks"."id" = $1 LIMIT $2[0m  [["id", 514], ["LIMIT", 1]]
  ↳ app/controllers/tasks_controller.rb:11:in `show'
  Rendering layout layouts/application.html.erb
  Rendering tasks/show.html.erb within layouts/application
  Rendered tasks/show.html.erb within layouts/application (Duration: 1.2ms | Allocations: 623)
  [1m[36mUser Load (0.2ms)[0m  [1m[34mSELECT "users".* FROM "users" WHERE "users"."id" = $1 ORDER BY "users"."id" ASC LIMIT $2[0m  [["id", 16], ["LIMIT", 1]]
  ↳ app/views/shared/_navar.html.erb:13
  Rendered shared/_navar.html.erb (Duration: 2.2ms | Allocations: 1375)
  Rendered shared/_footer.html.erb (Duration: 0.3ms | Allocations: 101)
  Rendered layout layouts/application.html.erb (Duration: 8.6ms | Allocations: 4809)
Completed 200 OK in 13ms (Views: 10.4ms | ActiveRecord: 0.3ms | Allocations: 6163)


Started GET "/tasks/514" for ::1 at 2022-12-20 09:15:38 +0800
Processing by TasksController#show as HTML
  Parameters: {"id"=>"514"}
  [1m[36mTask Load (0.2ms)[0m  [1m[34mSELECT "tasks".* FROM "tasks" WHERE "tasks"."id" = $1 LIMIT $2[0m  [["id", 514], ["LIMIT", 1]]
  ↳ app/controllers/tasks_controller.rb:11:in `show'
  Rendering layout layouts/application.html.erb
  Rendering tasks/show.html.erb within layouts/application
  Rendered tasks/show.html.erb within layouts/application (Duration: 1.1ms | Allocations: 622)
  [1m[36mUser Load (0.2ms)[0m  [1m[34mSELECT "users".* FROM "users" WHERE "users"."id" = $1 ORDER BY "users"."id" ASC LIMIT $2[0m  [["id", 16], ["LIMIT", 1]]
  ↳ app/views/shared/_navar.html.erb:13
  Rendered shared/_navar.html.erb (Duration: 2.3ms | Allocations: 1375)
  Rendered shared/_footer.html.erb (Duration: 0.3ms | Allocations: 101)
  Rendered layout layouts/application.html.erb (Duration: 8.2ms | Allocations: 4826)
Completed 200 OK in 13ms (Views: 10.2ms | ActiveRecord: 0.4ms | Allocations: 6179)


Started GET "/new-task" for ::1 at 2022-12-20 09:21:40 +0800
Processing by TasksController#new as HTML
  Rendering layout layouts/application.html.erb
  Rendering tasks/new.html.erb within layouts/application
  Rendered tasks/new.html.erb within layouts/application (Duration: 7.2ms | Allocations: 2699)
  [1m[36mUser Load (0.5ms)[0m  [1m[34mSELECT "users".* FROM "users" WHERE "users"."id" = $1 ORDER BY "users"."id" ASC LIMIT $2[0m  [["id", 16], ["LIMIT", 1]]
  ↳ app/views/shared/_navar.html.erb:13
  Rendered shared/_navar.html.erb (Duration: 21.8ms | Allocations: 4331)
  Rendered shared/_footer.html.erb (Duration: 0.8ms | Allocations: 101)
  Rendered layout layouts/application.html.erb (Duration: 38.5ms | Allocations: 9515)
Completed 200 OK in 42ms (Views: 40.7ms | ActiveRecord: 8.9ms | Allocations: 10356)


Started POST "/tasks" for ::1 at 2022-12-20 09:22:01 +0800
Processing by TasksController#create as TURBO_STREAM
  Parameters: {"authenticity_token"=>"[FILTERED]", "task"=>{"title"=>"Test d'ajd", "content"=>" Test d'ajd Test d'ajd Test d'ajd Test d'ajd Test d'ajdTest d'ajd Test d'ajd Test d'ajd Test d'ajd Test d'ajdTest d'ajd Test d'ajd Test d'ajd Test d'ajd Test d'ajdTest d'ajd Test d'ajd Test d'ajd Test d'ajd Test d'ajdTest d'ajd Test d'ajd Test d'ajd Test d'ajd Test d'ajd", "difficulty"=>"6", "start_date"=>"2022-12-21", "end_date"=>"2022-12-31"}, "commit"=>"Submit"}
  [1m[36mUser Load (0.3ms)[0m  [1m[34mSELECT "users".* FROM "users" WHERE "users"."id" = $1 ORDER BY "users"."id" ASC LIMIT $2[0m  [["id", 16], ["LIMIT", 1]]
  ↳ app/controllers/tasks_controller.rb:22:in `create'
  [1m[36mTRANSACTION (0.1ms)[0m  [1m[35mBEGIN[0m
  ↳ app/controllers/tasks_controller.rb:23:in `create'
  [1m[36mTask Create (2.1ms)[0m  [1m[32mINSERT INTO "tasks" ("created_at", "updated_at", "title", "content", "start_date", "end_date", "todo", "difficulty", "user_id", "task_done") VALUES ($1, $2, $3, $4, $5, $6, $7, $8, $9, $10) RETURNING "id"[0m  [["created_at", "2022-12-20 01:22:01.234114"], ["updated_at", "2022-12-20 01:22:01.234114"], ["title", "Test d'ajd"], ["content", " Test d'ajd Test d'ajd Test d'ajd Test d'ajd Test d'ajdTest d'ajd Test d'ajd Test d'ajd Test d'ajd Test d'ajdTest d'ajd Test d'ajd Test d'ajd Test d'ajd Test d'ajdTest d'ajd Test d'ajd Test d'ajd Test d'ajd Test d'ajdTest d'ajd Test d'ajd Test d'ajd Test d'ajd Test d'ajd"], ["start_date", "2022-12-21"], ["end_date", "2022-12-31"], ["todo", nil], ["difficulty", 6], ["user_id", 16], ["task_done", false]]
  ↳ app/controllers/tasks_controller.rb:23:in `create'
  [1m[36mTRANSACTION (0.5ms)[0m  [1m[35mCOMMIT[0m
  ↳ app/controllers/tasks_controller.rb:23:in `create'
Redirected to http://localhost:3000/tasks/516
Completed 302 Found in 11ms (ActiveRecord: 3.0ms | Allocations: 3938)


Started GET "/tasks/516" for ::1 at 2022-12-20 09:22:01 +0800
Processing by TasksController#show as TURBO_STREAM
  Parameters: {"id"=>"516"}
  [1m[36mTask Load (0.4ms)[0m  [1m[34mSELECT "tasks".* FROM "tasks" WHERE "tasks"."id" = $1 LIMIT $2[0m  [["id", 516], ["LIMIT", 1]]
  ↳ app/controllers/tasks_controller.rb:11:in `show'
  Rendering layout layouts/application.html.erb
  Rendering tasks/show.html.erb within layouts/application
  Rendered tasks/show.html.erb within layouts/application (Duration: 1.7ms | Allocations: 525)
  [1m[36mUser Load (0.4ms)[0m  [1m[34mSELECT "users".* FROM "users" WHERE "users"."id" = $1 ORDER BY "users"."id" ASC LIMIT $2[0m  [["id", 16], ["LIMIT", 1]]
  ↳ app/views/shared/_navar.html.erb:13
  Rendered shared/_navar.html.erb (Duration: 3.1ms | Allocations: 913)
  Rendered shared/_footer.html.erb (Duration: 0.0ms | Allocations: 8)
  Rendered layout layouts/application.html.erb (Duration: 13.0ms | Allocations: 3664)
Completed 200 OK in 17ms (Views: 13.1ms | ActiveRecord: 0.9ms | Allocations: 4651)


  [1m[36mTask Load (1.3ms)[0m  [1m[34mSELECT "tasks".* FROM "tasks"[0m
Started GET "/tasks/516" for ::1 at 2022-12-20 09:22:35 +0800
Processing by TasksController#show as HTML
  Parameters: {"id"=>"516"}
  [1m[36mTask Load (0.4ms)[0m  [1m[34mSELECT "tasks".* FROM "tasks" WHERE "tasks"."id" = $1 LIMIT $2[0m  [["id", 516], ["LIMIT", 1]]
  ↳ app/controllers/tasks_controller.rb:11:in `show'
  Rendering layout layouts/application.html.erb
  Rendering tasks/show.html.erb within layouts/application
  Rendered tasks/show.html.erb within layouts/application (Duration: 0.6ms | Allocations: 151)
  [1m[36mUser Load (0.3ms)[0m  [1m[34mSELECT "users".* FROM "users" WHERE "users"."id" = $1 ORDER BY "users"."id" ASC LIMIT $2[0m  [["id", 16], ["LIMIT", 1]]
  ↳ app/views/shared/_navar.html.erb:13
  Rendered shared/_navar.html.erb (Duration: 2.6ms | Allocations: 913)
  Rendered shared/_footer.html.erb (Duration: 0.0ms | Allocations: 8)
  Rendered layout layouts/application.html.erb (Duration: 8.7ms | Allocations: 3229)
Completed 200 OK in 15ms (Views: 9.0ms | ActiveRecord: 0.7ms | Allocations: 3999)


Started GET "/tasks/516" for ::1 at 2022-12-20 09:24:27 +0800
Processing by TasksController#show as HTML
  Parameters: {"id"=>"516"}
  [1m[36mTask Load (0.3ms)[0m  [1m[34mSELECT "tasks".* FROM "tasks" WHERE "tasks"."id" = $1 LIMIT $2[0m  [["id", 516], ["LIMIT", 1]]
  ↳ app/controllers/tasks_controller.rb:11:in `show'
  Rendering layout layouts/application.html.erb
  Rendering tasks/show.html.erb within layouts/application
  Rendered tasks/show.html.erb within layouts/application (Duration: 0.9ms | Allocations: 627)
  [1m[36mUser Load (0.3ms)[0m  [1m[34mSELECT "users".* FROM "users" WHERE "users"."id" = $1 ORDER BY "users"."id" ASC LIMIT $2[0m  [["id", 16], ["LIMIT", 1]]
  ↳ app/views/shared/_navar.html.erb:13
  Rendered shared/_navar.html.erb (Duration: 3.1ms | Allocations: 1375)
  Rendered shared/_footer.html.erb (Duration: 0.7ms | Allocations: 101)
  Rendered layout layouts/application.html.erb (Duration: 10.2ms | Allocations: 4825)
Completed 200 OK in 14ms (Views: 11.4ms | ActiveRecord: 0.5ms | Allocations: 6142)


Started GET "/tasks/516" for ::1 at 2022-12-20 09:24:37 +0800
Processing by TasksController#show as HTML
  Parameters: {"id"=>"516"}
  [1m[36mTask Load (0.3ms)[0m  [1m[34mSELECT "tasks".* FROM "tasks" WHERE "tasks"."id" = $1 LIMIT $2[0m  [["id", 516], ["LIMIT", 1]]
  ↳ app/controllers/tasks_controller.rb:11:in `show'
  Rendering layout layouts/application.html.erb
  Rendering tasks/show.html.erb within layouts/application
  Rendered tasks/show.html.erb within layouts/application (Duration: 3.1ms | Allocations: 626)
  [1m[36mUser Load (0.3ms)[0m  [1m[34mSELECT "users".* FROM "users" WHERE "users"."id" = $1 ORDER BY "users"."id" ASC LIMIT $2[0m  [["id", 16], ["LIMIT", 1]]
  ↳ app/views/shared/_navar.html.erb:13
  Rendered shared/_navar.html.erb (Duration: 8.4ms | Allocations: 1375)
  Rendered shared/_footer.html.erb (Duration: 0.9ms | Allocations: 101)
  Rendered layout layouts/application.html.erb (Duration: 29.1ms | Allocations: 4830)
Completed 200 OK in 41ms (Views: 32.7ms | ActiveRecord: 0.6ms | Allocations: 6183)


Started GET "/tasks/516" for ::1 at 2022-12-20 09:24:55 +0800
Processing by TasksController#show as HTML
  Parameters: {"id"=>"516"}
  [1m[36mTask Load (0.4ms)[0m  [1m[34mSELECT "tasks".* FROM "tasks" WHERE "tasks"."id" = $1 LIMIT $2[0m  [["id", 516], ["LIMIT", 1]]
  ↳ app/controllers/tasks_controller.rb:11:in `show'
  Rendering layout layouts/application.html.erb
  Rendering tasks/show.html.erb within layouts/application
  Rendered tasks/show.html.erb within layouts/application (Duration: 1.9ms | Allocations: 626)
  [1m[36mUser Load (0.3ms)[0m  [1m[34mSELECT "users".* FROM "users" WHERE "users"."id" = $1 ORDER BY "users"."id" ASC LIMIT $2[0m  [["id", 16], ["LIMIT", 1]]
  ↳ app/views/shared/_navar.html.erb:13
  Rendered shared/_navar.html.erb (Duration: 9.4ms | Allocations: 1375)
  Rendered shared/_footer.html.erb (Duration: 0.8ms | Allocations: 101)
  Rendered layout layouts/application.html.erb (Duration: 34.6ms | Allocations: 4833)
Completed 200 OK in 47ms (Views: 39.5ms | ActiveRecord: 0.8ms | Allocations: 6186)


Started GET "/tasks/516" for ::1 at 2022-12-20 09:24:56 +0800
Processing by TasksController#show as HTML
  Parameters: {"id"=>"516"}
  [1m[36mTask Load (0.4ms)[0m  [1m[34mSELECT "tasks".* FROM "tasks" WHERE "tasks"."id" = $1 LIMIT $2[0m  [["id", 516], ["LIMIT", 1]]
  ↳ app/controllers/tasks_controller.rb:11:in `show'
  Rendering layout layouts/application.html.erb
  Rendering tasks/show.html.erb within layouts/application
  Rendered tasks/show.html.erb within layouts/application (Duration: 7.4ms | Allocations: 625)
  [1m[36mUser Load (0.3ms)[0m  [1m[34mSELECT "users".* FROM "users" WHERE "users"."id" = $1 ORDER BY "users"."id" ASC LIMIT $2[0m  [["id", 16], ["LIMIT", 1]]
  ↳ app/views/shared/_navar.html.erb:13
  Rendered shared/_navar.html.erb (Duration: 9.3ms | Allocations: 1375)
  Rendered shared/_footer.html.erb (Duration: 0.6ms | Allocations: 101)
  Rendered layout layouts/application.html.erb (Duration: 45.3ms | Allocations: 4817)
Completed 200 OK in 53ms (Views: 47.2ms | ActiveRecord: 0.6ms | Allocations: 6170)


Started GET "/tasks/516" for ::1 at 2022-12-20 09:25:14 +0800
Processing by TasksController#show as HTML
  Parameters: {"id"=>"516"}
  [1m[36mTask Load (0.2ms)[0m  [1m[34mSELECT "tasks".* FROM "tasks" WHERE "tasks"."id" = $1 LIMIT $2[0m  [["id", 516], ["LIMIT", 1]]
  ↳ app/controllers/tasks_controller.rb:11:in `show'
  Rendering layout layouts/application.html.erb
  Rendering tasks/show.html.erb within layouts/application
  Rendered tasks/show.html.erb within layouts/application (Duration: 1.9ms | Allocations: 626)
  [1m[36mUser Load (0.3ms)[0m  [1m[34mSELECT "users".* FROM "users" WHERE "users"."id" = $1 ORDER BY "users"."id" ASC LIMIT $2[0m  [["id", 16], ["LIMIT", 1]]
  ↳ app/views/shared/_navar.html.erb:13
  Rendered shared/_navar.html.erb (Duration: 4.3ms | Allocations: 1375)
  Rendered shared/_footer.html.erb (Duration: 0.9ms | Allocations: 101)
  Rendered layout layouts/application.html.erb (Duration: 25.1ms | Allocations: 4839)
Completed 200 OK in 32ms (Views: 27.9ms | ActiveRecord: 0.5ms | Allocations: 6192)


Started GET "/tasks/516" for ::1 at 2022-12-20 09:25:14 +0800
Processing by TasksController#show as HTML
  Parameters: {"id"=>"516"}
  [1m[36mTask Load (0.2ms)[0m  [1m[34mSELECT "tasks".* FROM "tasks" WHERE "tasks"."id" = $1 LIMIT $2[0m  [["id", 516], ["LIMIT", 1]]
  ↳ app/controllers/tasks_controller.rb:11:in `show'
  Rendering layout layouts/application.html.erb
  Rendering tasks/show.html.erb within layouts/application
  Rendered tasks/show.html.erb within layouts/application (Duration: 0.4ms | Allocations: 151)
  [1m[36mUser Load (0.2ms)[0m  [1m[34mSELECT "users".* FROM "users" WHERE "users"."id" = $1 ORDER BY "users"."id" ASC LIMIT $2[0m  [["id", 16], ["LIMIT", 1]]
  ↳ app/views/shared/_navar.html.erb:13
  Rendered shared/_navar.html.erb (Duration: 3.4ms | Allocations: 913)
  Rendered shared/_footer.html.erb (Duration: 0.0ms | Allocations: 8)
  Rendered layout layouts/application.html.erb (Duration: 9.2ms | Allocations: 3259)
Completed 200 OK in 12ms (Views: 9.9ms | ActiveRecord: 0.4ms | Allocations: 4064)


Started GET "/" for ::1 at 2022-12-20 09:25:56 +0800
Processing by PagesController#index as HTML
  [1m[36mTask Load (1.4ms)[0m  [1m[34mSELECT "tasks".* FROM "tasks" ORDER BY end_date ASC[0m
  ↳ app/controllers/pages_controller.rb:8:in `index'
  [1m[36mUser Load (0.2ms)[0m  [1m[34mSELECT "users".* FROM "users" WHERE "users"."id" = $1 ORDER BY "users"."id" ASC LIMIT $2[0m  [["id", 16], ["LIMIT", 1]]
  ↳ app/controllers/pages_controller.rb:9:in `block in index'
  Rendering layout layouts/application.html.erb
  Rendering pages/index.html.erb within layouts/application
  Rendered shared/_hero.html.erb (Duration: 1.2ms | Allocations: 135)
  Rendered shared/_my-tasks.html.erb (Duration: 2.5ms | Allocations: 922)
  Rendered pages/index.html.erb within layouts/application (Duration: 7.4ms | Allocations: 1579)
  Rendered shared/_navar.html.erb (Duration: 1.3ms | Allocations: 422)
  Rendered shared/_footer.html.erb (Duration: 0.3ms | Allocations: 101)
  Rendered layout layouts/application.html.erb (Duration: 13.3ms | Allocations: 4502)
Completed 200 OK in 63ms (Views: 15.0ms | ActiveRecord: 1.6ms | Allocations: 7743)


Started GET "/tasks/514" for ::1 at 2022-12-20 09:26:01 +0800
Processing by TasksController#show as HTML
  Parameters: {"id"=>"514"}
  [1m[36mTask Load (0.2ms)[0m  [1m[34mSELECT "tasks".* FROM "tasks" WHERE "tasks"."id" = $1 LIMIT $2[0m  [["id", 514], ["LIMIT", 1]]
  ↳ app/controllers/tasks_controller.rb:11:in `show'
  Rendering layout layouts/application.html.erb
  Rendering tasks/show.html.erb within layouts/application
  Rendered tasks/show.html.erb within layouts/application (Duration: 2.0ms | Allocations: 625)
  [1m[36mUser Load (0.2ms)[0m  [1m[34mSELECT "users".* FROM "users" WHERE "users"."id" = $1 ORDER BY "users"."id" ASC LIMIT $2[0m  [["id", 16], ["LIMIT", 1]]
  ↳ app/views/shared/_navar.html.erb:13
  Rendered shared/_navar.html.erb (Duration: 2.1ms | Allocations: 1097)
  Rendered shared/_footer.html.erb (Duration: 0.0ms | Allocations: 9)
  Rendered layout layouts/application.html.erb (Duration: 8.0ms | Allocations: 4143)
Completed 200 OK in 12ms (Views: 9.7ms | ActiveRecord: 0.4ms | Allocations: 5354)


Started GET "/new-task" for ::1 at 2022-12-20 09:26:08 +0800
Processing by TasksController#new as HTML
  Rendering layout layouts/application.html.erb
  Rendering tasks/new.html.erb within layouts/application
  Rendered tasks/new.html.erb within layouts/application (Duration: 5.1ms | Allocations: 2545)
  [1m[36mUser Load (0.2ms)[0m  [1m[34mSELECT "users".* FROM "users" WHERE "users"."id" = $1 ORDER BY "users"."id" ASC LIMIT $2[0m  [["id", 16], ["LIMIT", 1]]
  ↳ app/views/shared/_navar.html.erb:13
  Rendered shared/_navar.html.erb (Duration: 3.0ms | Allocations: 918)
  Rendered shared/_footer.html.erb (Duration: 0.0ms | Allocations: 8)
  Rendered layout layouts/application.html.erb (Duration: 11.0ms | Allocations: 5368)
Completed 200 OK in 12ms (Views: 11.2ms | ActiveRecord: 0.2ms | Allocations: 5725)


Started GET "/" for ::1 at 2022-12-20 09:26:29 +0800
Processing by PagesController#index as HTML
  [1m[36mTask Load (1.1ms)[0m  [1m[34mSELECT "tasks".* FROM "tasks" ORDER BY end_date ASC[0m
  ↳ app/controllers/pages_controller.rb:8:in `index'
  [1m[36mUser Load (0.3ms)[0m  [1m[34mSELECT "users".* FROM "users" WHERE "users"."id" = $1 ORDER BY "users"."id" ASC LIMIT $2[0m  [["id", 16], ["LIMIT", 1]]
  ↳ app/controllers/pages_controller.rb:9:in `block in index'
  Rendering layout layouts/application.html.erb
  Rendering pages/index.html.erb within layouts/application
  Rendered shared/_hero.html.erb (Duration: 0.1ms | Allocations: 15)
  Rendered shared/_my-tasks.html.erb (Duration: 0.7ms | Allocations: 556)
  Rendered pages/index.html.erb within layouts/application (Duration: 1.1ms | Allocations: 696)
  Rendered shared/_navar.html.erb (Duration: 0.2ms | Allocations: 123)
  Rendered shared/_footer.html.erb (Duration: 0.0ms | Allocations: 8)
  Rendered layout layouts/application.html.erb (Duration: 4.7ms | Allocations: 2714)
Completed 200 OK in 14ms (Views: 5.2ms | ActiveRecord: 1.4ms | Allocations: 5381)


Started GET "/tasks/514" for ::1 at 2022-12-20 09:28:11 +0800
Processing by TasksController#show as HTML
  Parameters: {"id"=>"514"}
  [1m[36mTask Load (0.2ms)[0m  [1m[34mSELECT "tasks".* FROM "tasks" WHERE "tasks"."id" = $1 LIMIT $2[0m  [["id", 514], ["LIMIT", 1]]
  ↳ app/controllers/tasks_controller.rb:11:in `show'
  Rendering layout layouts/application.html.erb
  Rendering tasks/show.html.erb within layouts/application
  Rendered tasks/show.html.erb within layouts/application (Duration: 0.8ms | Allocations: 152)
  [1m[36mUser Load (0.3ms)[0m  [1m[34mSELECT "users".* FROM "users" WHERE "users"."id" = $1 ORDER BY "users"."id" ASC LIMIT $2[0m  [["id", 16], ["LIMIT", 1]]
  ↳ app/views/shared/_navar.html.erb:13
  Rendered shared/_navar.html.erb (Duration: 3.0ms | Allocations: 913)
  Rendered shared/_footer.html.erb (Duration: 0.0ms | Allocations: 8)
  Rendered layout layouts/application.html.erb (Duration: 8.1ms | Allocations: 3248)
Completed 200 OK in 11ms (Views: 8.5ms | ActiveRecord: 0.6ms | Allocations: 4031)


Started GET "/tasks/514" for ::1 at 2022-12-20 09:28:27 +0800
Processing by TasksController#show as HTML
  Parameters: {"id"=>"514"}
  [1m[36mTask Load (0.2ms)[0m  [1m[34mSELECT "tasks".* FROM "tasks" WHERE "tasks"."id" = $1 LIMIT $2[0m  [["id", 514], ["LIMIT", 1]]
  ↳ app/controllers/tasks_controller.rb:11:in `show'
  Rendering layout layouts/application.html.erb
  Rendering tasks/show.html.erb within layouts/application
  Rendered tasks/show.html.erb within layouts/application (Duration: 1.2ms | Allocations: 646)
  [1m[36mUser Load (0.3ms)[0m  [1m[34mSELECT "users".* FROM "users" WHERE "users"."id" = $1 ORDER BY "users"."id" ASC LIMIT $2[0m  [["id", 16], ["LIMIT", 1]]
  ↳ app/views/shared/_navar.html.erb:13
  Rendered shared/_navar.html.erb (Duration: 2.8ms | Allocations: 1375)
  Rendered shared/_footer.html.erb (Duration: 0.3ms | Allocations: 101)
  Rendered layout layouts/application.html.erb (Duration: 8.9ms | Allocations: 4841)
Completed 200 OK in 12ms (Views: 10.1ms | ActiveRecord: 0.5ms | Allocations: 6160)


Started GET "/" for ::1 at 2022-12-20 09:28:33 +0800
Processing by PagesController#index as HTML
  [1m[36mTask Load (1.0ms)[0m  [1m[34mSELECT "tasks".* FROM "tasks" ORDER BY end_date ASC[0m
  ↳ app/controllers/pages_controller.rb:8:in `index'
  [1m[36mUser Load (0.2ms)[0m  [1m[34mSELECT "users".* FROM "users" WHERE "users"."id" = $1 ORDER BY "users"."id" ASC LIMIT $2[0m  [["id", 16], ["LIMIT", 1]]
  ↳ app/controllers/pages_controller.rb:9:in `block in index'
  Rendering layout layouts/application.html.erb
  Rendering pages/index.html.erb within layouts/application
  Rendered shared/_hero.html.erb (Duration: 0.2ms | Allocations: 135)
  Rendered shared/_my-tasks.html.erb (Duration: 1.3ms | Allocations: 923)
  Rendered pages/index.html.erb within layouts/application (Duration: 2.7ms | Allocations: 1591)
  Rendered shared/_navar.html.erb (Duration: 0.4ms | Allocations: 144)
  Rendered shared/_footer.html.erb (Duration: 0.0ms | Allocations: 9)
  Rendered layout layouts/application.html.erb (Duration: 5.2ms | Allocations: 3807)
Completed 200 OK in 13ms (Views: 6.5ms | ActiveRecord: 1.2ms | Allocations: 6893)


Started GET "/tasks/516" for ::1 at 2022-12-20 09:28:35 +0800
Processing by TasksController#show as HTML
  Parameters: {"id"=>"516"}
  [1m[36mTask Load (0.3ms)[0m  [1m[34mSELECT "tasks".* FROM "tasks" WHERE "tasks"."id" = $1 LIMIT $2[0m  [["id", 516], ["LIMIT", 1]]
  ↳ app/controllers/tasks_controller.rb:11:in `show'
  Rendering layout layouts/application.html.erb
  Rendering tasks/show.html.erb within layouts/application
  Rendered tasks/show.html.erb within layouts/application (Duration: 1.8ms | Allocations: 643)
  [1m[36mUser Load (0.2ms)[0m  [1m[34mSELECT "users".* FROM "users" WHERE "users"."id" = $1 ORDER BY "users"."id" ASC LIMIT $2[0m  [["id", 16], ["LIMIT", 1]]
  ↳ app/views/shared/_navar.html.erb:13
  Rendered shared/_navar.html.erb (Duration: 3.5ms | Allocations: 1375)
  Rendered shared/_footer.html.erb (Duration: 0.4ms | Allocations: 101)
  Rendered layout layouts/application.html.erb (Duration: 12.2ms | Allocations: 4856)
Completed 200 OK in 19ms (Views: 15.5ms | ActiveRecord: 0.6ms | Allocations: 6267)


Started GET "/tasks/516" for ::1 at 2022-12-20 09:29:30 +0800
Processing by TasksController#show as HTML
  Parameters: {"id"=>"516"}
  [1m[36mTask Load (0.1ms)[0m  [1m[34mSELECT "tasks".* FROM "tasks" WHERE "tasks"."id" = $1 LIMIT $2[0m  [["id", 516], ["LIMIT", 1]]
  ↳ app/controllers/tasks_controller.rb:11:in `show'
  Rendering layout layouts/application.html.erb
  Rendering tasks/show.html.erb within layouts/application
  Rendered tasks/show.html.erb within layouts/application (Duration: 1.6ms | Allocations: 691)
  [1m[36mUser Load (0.2ms)[0m  [1m[34mSELECT "users".* FROM "users" WHERE "users"."id" = $1 ORDER BY "users"."id" ASC LIMIT $2[0m  [["id", 16], ["LIMIT", 1]]
  ↳ app/views/shared/_navar.html.erb:13
  Rendered shared/_navar.html.erb (Duration: 2.6ms | Allocations: 1375)
  Rendered shared/_footer.html.erb (Duration: 0.8ms | Allocations: 101)
  Rendered layout layouts/application.html.erb (Duration: 9.1ms | Allocations: 4871)
Completed 200 OK in 14ms (Views: 11.5ms | ActiveRecord: 0.4ms | Allocations: 6224)


Started GET "/tasks/516" for ::1 at 2022-12-20 09:29:45 +0800
Processing by TasksController#show as HTML
  Parameters: {"id"=>"516"}
  [1m[36mTask Load (0.2ms)[0m  [1m[34mSELECT "tasks".* FROM "tasks" WHERE "tasks"."id" = $1 LIMIT $2[0m  [["id", 516], ["LIMIT", 1]]
  ↳ app/controllers/tasks_controller.rb:11:in `show'
  Rendering layout layouts/application.html.erb
  Rendering tasks/show.html.erb within layouts/application
  Rendered tasks/show.html.erb within layouts/application (Duration: 2.9ms | Allocations: 684)
  [1m[36mUser Load (0.3ms)[0m  [1m[34mSELECT "users".* FROM "users" WHERE "users"."id" = $1 ORDER BY "users"."id" ASC LIMIT $2[0m  [["id", 16], ["LIMIT", 1]]
  ↳ app/views/shared/_navar.html.erb:13
  Rendered shared/_navar.html.erb (Duration: 3.6ms | Allocations: 1375)
  Rendered shared/_footer.html.erb (Duration: 0.5ms | Allocations: 101)
  Rendered layout layouts/application.html.erb (Duration: 12.2ms | Allocations: 4879)
Completed 200 OK in 17ms (Views: 14.6ms | ActiveRecord: 0.5ms | Allocations: 6232)


Started GET "/tasks/516" for ::1 at 2022-12-20 09:30:03 +0800
Processing by TasksController#show as HTML
  Parameters: {"id"=>"516"}
  [1m[36mTask Load (0.2ms)[0m  [1m[34mSELECT "tasks".* FROM "tasks" WHERE "tasks"."id" = $1 LIMIT $2[0m  [["id", 516], ["LIMIT", 1]]
  ↳ app/controllers/tasks_controller.rb:11:in `show'
  Rendering layout layouts/application.html.erb
  Rendering tasks/show.html.erb within layouts/application
  Rendered tasks/show.html.erb within layouts/application (Duration: 1.2ms | Allocations: 679)
  [1m[36mUser Load (0.3ms)[0m  [1m[34mSELECT "users".* FROM "users" WHERE "users"."id" = $1 ORDER BY "users"."id" ASC LIMIT $2[0m  [["id", 16], ["LIMIT", 1]]
  ↳ app/views/shared/_navar.html.erb:13
  Rendered shared/_navar.html.erb (Duration: 3.7ms | Allocations: 1375)
  Rendered shared/_footer.html.erb (Duration: 1.1ms | Allocations: 101)
  Rendered layout layouts/application.html.erb (Duration: 14.0ms | Allocations: 4883)
Completed 200 OK in 19ms (Views: 16.1ms | ActiveRecord: 0.4ms | Allocations: 6236)


Started GET "/tasks/516" for ::1 at 2022-12-20 09:30:04 +0800
Processing by TasksController#show as HTML
  Parameters: {"id"=>"516"}
  [1m[36mTask Load (0.2ms)[0m  [1m[34mSELECT "tasks".* FROM "tasks" WHERE "tasks"."id" = $1 LIMIT $2[0m  [["id", 516], ["LIMIT", 1]]
  ↳ app/controllers/tasks_controller.rb:11:in `show'
  Rendering layout layouts/application.html.erb
  Rendering tasks/show.html.erb within layouts/application
  Rendered tasks/show.html.erb within layouts/application (Duration: 0.3ms | Allocations: 151)
  [1m[36mUser Load (0.2ms)[0m  [1m[34mSELECT "users".* FROM "users" WHERE "users"."id" = $1 ORDER BY "users"."id" ASC LIMIT $2[0m  [["id", 16], ["LIMIT", 1]]
  ↳ app/views/shared/_navar.html.erb:13
  Rendered shared/_navar.html.erb (Duration: 2.3ms | Allocations: 913)
  Rendered shared/_footer.html.erb (Duration: 0.0ms | Allocations: 8)
  Rendered layout layouts/application.html.erb (Duration: 5.7ms | Allocations: 3223)
Completed 200 OK in 8ms (Views: 5.9ms | ActiveRecord: 0.4ms | Allocations: 4028)


Started GET "/tasks/516" for ::1 at 2022-12-20 09:30:08 +0800
Processing by TasksController#show as HTML
  Parameters: {"id"=>"516"}
  [1m[36mTask Load (0.2ms)[0m  [1m[34mSELECT "tasks".* FROM "tasks" WHERE "tasks"."id" = $1 LIMIT $2[0m  [["id", 516], ["LIMIT", 1]]
  ↳ app/controllers/tasks_controller.rb:11:in `show'
  Rendering layout layouts/application.html.erb
  Rendering tasks/show.html.erb within layouts/application
  Rendered tasks/show.html.erb within layouts/application (Duration: 2.2ms | Allocations: 684)
  [1m[36mUser Load (0.2ms)[0m  [1m[34mSELECT "users".* FROM "users" WHERE "users"."id" = $1 ORDER BY "users"."id" ASC LIMIT $2[0m  [["id", 16], ["LIMIT", 1]]
  ↳ app/views/shared/_navar.html.erb:13
  Rendered shared/_navar.html.erb (Duration: 2.3ms | Allocations: 1375)
  Rendered shared/_footer.html.erb (Duration: 0.3ms | Allocations: 101)
  Rendered layout layouts/application.html.erb (Duration: 10.2ms | Allocations: 4891)
Completed 200 OK in 15ms (Views: 12.0ms | ActiveRecord: 0.4ms | Allocations: 6209)


Started GET "/tasks/516" for ::1 at 2022-12-20 09:30:12 +0800
Processing by TasksController#show as HTML
  Parameters: {"id"=>"516"}
  [1m[36mTask Load (0.2ms)[0m  [1m[34mSELECT "tasks".* FROM "tasks" WHERE "tasks"."id" = $1 LIMIT $2[0m  [["id", 516], ["LIMIT", 1]]
  ↳ app/controllers/tasks_controller.rb:11:in `show'
  Rendering layout layouts/application.html.erb
  Rendering tasks/show.html.erb within layouts/application
  Rendered tasks/show.html.erb within layouts/application (Duration: 1.5ms | Allocations: 679)
  [1m[36mUser Load (0.2ms)[0m  [1m[34mSELECT "users".* FROM "users" WHERE "users"."id" = $1 ORDER BY "users"."id" ASC LIMIT $2[0m  [["id", 16], ["LIMIT", 1]]
  ↳ app/views/shared/_navar.html.erb:13
  Rendered shared/_navar.html.erb (Duration: 2.6ms | Allocations: 1375)
  Rendered shared/_footer.html.erb (Duration: 0.7ms | Allocations: 101)
  Rendered layout layouts/application.html.erb (Duration: 9.6ms | Allocations: 4898)
Completed 200 OK in 14ms (Views: 11.7ms | ActiveRecord: 0.4ms | Allocations: 6251)


Started GET "/tasks/516" for ::1 at 2022-12-20 09:30:55 +0800
Processing by TasksController#show as HTML
  Parameters: {"id"=>"516"}
  [1m[36mTask Load (0.2ms)[0m  [1m[34mSELECT "tasks".* FROM "tasks" WHERE "tasks"."id" = $1 LIMIT $2[0m  [["id", 516], ["LIMIT", 1]]
  ↳ app/controllers/tasks_controller.rb:11:in `show'
  Rendering layout layouts/application.html.erb
  Rendering tasks/show.html.erb within layouts/application
  Rendered tasks/show.html.erb within layouts/application (Duration: 2.1ms | Allocations: 680)
  [1m[36mUser Load (0.2ms)[0m  [1m[34mSELECT "users".* FROM "users" WHERE "users"."id" = $1 ORDER BY "users"."id" ASC LIMIT $2[0m  [["id", 16], ["LIMIT", 1]]
  ↳ app/views/shared/_navar.html.erb:13
  Rendered shared/_navar.html.erb (Duration: 2.8ms | Allocations: 1375)
  Rendered shared/_footer.html.erb (Duration: 0.3ms | Allocations: 101)
  Rendered layout layouts/application.html.erb (Duration: 11.8ms | Allocations: 4869)
Completed 200 OK in 16ms (Views: 13.8ms | ActiveRecord: 0.4ms | Allocations: 6222)


Started GET "/tasks/516" for ::1 at 2022-12-20 09:34:14 +0800
Processing by TasksController#show as HTML
  Parameters: {"id"=>"516"}
  [1m[36mTask Load (0.7ms)[0m  [1m[34mSELECT "tasks".* FROM "tasks" WHERE "tasks"."id" = $1 LIMIT $2[0m  [["id", 516], ["LIMIT", 1]]
  ↳ app/controllers/tasks_controller.rb:11:in `show'
  Rendering layout layouts/application.html.erb
  Rendering tasks/show.html.erb within layouts/application
  Rendered tasks/show.html.erb within layouts/application (Duration: 4.1ms | Allocations: 685)
  [1m[36mUser Load (0.5ms)[0m  [1m[34mSELECT "users".* FROM "users" WHERE "users"."id" = $1 ORDER BY "users"."id" ASC LIMIT $2[0m  [["id", 16], ["LIMIT", 1]]
  ↳ app/views/shared/_navar.html.erb:13
  Rendered shared/_navar.html.erb (Duration: 4.6ms | Allocations: 1375)
  Rendered shared/_footer.html.erb (Duration: 1.4ms | Allocations: 101)
  Rendered layout layouts/application.html.erb (Duration: 21.5ms | Allocations: 4871)
Completed 200 OK in 30ms (Views: 24.1ms | ActiveRecord: 1.2ms | Allocations: 6224)


Started GET "/tasks/516" for ::1 at 2022-12-20 09:35:58 +0800
Processing by TasksController#show as HTML
  Parameters: {"id"=>"516"}
  [1m[36mTask Load (0.9ms)[0m  [1m[34mSELECT "tasks".* FROM "tasks" WHERE "tasks"."id" = $1 LIMIT $2[0m  [["id", 516], ["LIMIT", 1]]
  ↳ app/controllers/tasks_controller.rb:11:in `show'
  Rendering layout layouts/application.html.erb
  Rendering tasks/show.html.erb within layouts/application
  Rendered tasks/show.html.erb within layouts/application (Duration: 3.1ms | Allocations: 684)
  [1m[36mUser Load (0.3ms)[0m  [1m[34mSELECT "users".* FROM "users" WHERE "users"."id" = $1 ORDER BY "users"."id" ASC LIMIT $2[0m  [["id", 16], ["LIMIT", 1]]
  ↳ app/views/shared/_navar.html.erb:13
  Rendered shared/_navar.html.erb (Duration: 5.7ms | Allocations: 1375)
  Rendered shared/_footer.html.erb (Duration: 3.5ms | Allocations: 101)
  Rendered layout layouts/application.html.erb (Duration: 24.7ms | Allocations: 4873)
Completed 200 OK in 37ms (Views: 29.7ms | ActiveRecord: 1.3ms | Allocations: 6226)


Started GET "/tasks/516" for ::1 at 2022-12-20 09:36:10 +0800
Processing by TasksController#show as HTML
  Parameters: {"id"=>"516"}
  [1m[36mTask Load (0.3ms)[0m  [1m[34mSELECT "tasks".* FROM "tasks" WHERE "tasks"."id" = $1 LIMIT $2[0m  [["id", 516], ["LIMIT", 1]]
  ↳ app/controllers/tasks_controller.rb:11:in `show'
  Rendering layout layouts/application.html.erb
  Rendering tasks/show.html.erb within layouts/application
  Rendered tasks/show.html.erb within layouts/application (Duration: 1.0ms | Allocations: 684)
  [1m[36mUser Load (0.2ms)[0m  [1m[34mSELECT "users".* FROM "users" WHERE "users"."id" = $1 ORDER BY "users"."id" ASC LIMIT $2[0m  [["id", 16], ["LIMIT", 1]]
  ↳ app/views/shared/_navar.html.erb:13
  Rendered shared/_navar.html.erb (Duration: 3.5ms | Allocations: 1375)
  Rendered shared/_footer.html.erb (Duration: 0.8ms | Allocations: 101)
  Rendered layout layouts/application.html.erb (Duration: 10.8ms | Allocations: 4870)
Completed 200 OK in 15ms (Views: 12.9ms | ActiveRecord: 0.4ms | Allocations: 6223)


Started GET "/tasks/516" for ::1 at 2022-12-20 09:36:20 +0800
Processing by TasksController#show as HTML
  Parameters: {"id"=>"516"}
  [1m[36mTask Load (0.2ms)[0m  [1m[34mSELECT "tasks".* FROM "tasks" WHERE "tasks"."id" = $1 LIMIT $2[0m  [["id", 516], ["LIMIT", 1]]
  ↳ app/controllers/tasks_controller.rb:11:in `show'
  Rendering layout layouts/application.html.erb
  Rendering tasks/show.html.erb within layouts/application
  Rendered tasks/show.html.erb within layouts/application (Duration: 2.3ms | Allocations: 684)
  [1m[36mUser Load (0.2ms)[0m  [1m[34mSELECT "users".* FROM "users" WHERE "users"."id" = $1 ORDER BY "users"."id" ASC LIMIT $2[0m  [["id", 16], ["LIMIT", 1]]
  ↳ app/views/shared/_navar.html.erb:13
  Rendered shared/_navar.html.erb (Duration: 3.1ms | Allocations: 1375)
  Rendered shared/_footer.html.erb (Duration: 0.3ms | Allocations: 101)
  Rendered layout layouts/application.html.erb (Duration: 11.9ms | Allocations: 4894)
Completed 200 OK in 16ms (Views: 13.5ms | ActiveRecord: 0.4ms | Allocations: 6247)


Started GET "/tasks/516" for ::1 at 2022-12-20 09:36:47 +0800
Processing by TasksController#show as HTML
  Parameters: {"id"=>"516"}
  [1m[36mTask Load (0.2ms)[0m  [1m[34mSELECT "tasks".* FROM "tasks" WHERE "tasks"."id" = $1 LIMIT $2[0m  [["id", 516], ["LIMIT", 1]]
  ↳ app/controllers/tasks_controller.rb:11:in `show'
  Rendering layout layouts/application.html.erb
  Rendering tasks/show.html.erb within layouts/application
  Rendered tasks/show.html.erb within layouts/application (Duration: 1.8ms | Allocations: 686)
  [1m[36mUser Load (0.2ms)[0m  [1m[34mSELECT "users".* FROM "users" WHERE "users"."id" = $1 ORDER BY "users"."id" ASC LIMIT $2[0m  [["id", 16], ["LIMIT", 1]]
  ↳ app/views/shared/_navar.html.erb:13
  Rendered shared/_navar.html.erb (Duration: 3.1ms | Allocations: 1375)
  Rendered shared/_footer.html.erb (Duration: 0.8ms | Allocations: 101)
  Rendered layout layouts/application.html.erb (Duration: 15.0ms | Allocations: 4884)
Completed 200 OK in 20ms (Views: 16.9ms | ActiveRecord: 0.4ms | Allocations: 6237)


Started GET "/tasks/516" for ::1 at 2022-12-20 09:36:52 +0800
Processing by TasksController#show as HTML
  Parameters: {"id"=>"516"}
  [1m[36mTask Load (0.7ms)[0m  [1m[34mSELECT "tasks".* FROM "tasks" WHERE "tasks"."id" = $1 LIMIT $2[0m  [["id", 516], ["LIMIT", 1]]
  ↳ app/controllers/tasks_controller.rb:11:in `show'
  Rendering layout layouts/application.html.erb
  Rendering tasks/show.html.erb within layouts/application
  Rendered tasks/show.html.erb within layouts/application (Duration: 1.7ms | Allocations: 684)
  [1m[36mUser Load (0.2ms)[0m  [1m[34mSELECT "users".* FROM "users" WHERE "users"."id" = $1 ORDER BY "users"."id" ASC LIMIT $2[0m  [["id", 16], ["LIMIT", 1]]
  ↳ app/views/shared/_navar.html.erb:13
  Rendered shared/_navar.html.erb (Duration: 2.8ms | Allocations: 1375)
  Rendered shared/_footer.html.erb (Duration: 0.4ms | Allocations: 101)
  Rendered layout layouts/application.html.erb (Duration: 10.1ms | Allocations: 4879)
Completed 200 OK in 16ms (Views: 11.9ms | ActiveRecord: 0.9ms | Allocations: 6232)


Started GET "/tasks/516" for ::1 at 2022-12-20 09:37:29 +0800
Processing by TasksController#show as HTML
  Parameters: {"id"=>"516"}
  [1m[36mTask Load (0.2ms)[0m  [1m[34mSELECT "tasks".* FROM "tasks" WHERE "tasks"."id" = $1 LIMIT $2[0m  [["id", 516], ["LIMIT", 1]]
  ↳ app/controllers/tasks_controller.rb:11:in `show'
  Rendering layout layouts/application.html.erb
  Rendering tasks/show.html.erb within layouts/application
  Rendered tasks/show.html.erb within layouts/application (Duration: 1.9ms | Allocations: 683)
  [1m[36mUser Load (0.2ms)[0m  [1m[34mSELECT "users".* FROM "users" WHERE "users"."id" = $1 ORDER BY "users"."id" ASC LIMIT $2[0m  [["id", 16], ["LIMIT", 1]]
  ↳ app/views/shared/_navar.html.erb:13
  Rendered shared/_navar.html.erb (Duration: 3.6ms | Allocations: 1375)
  Rendered shared/_footer.html.erb (Duration: 0.4ms | Allocations: 101)
  Rendered layout layouts/application.html.erb (Duration: 13.5ms | Allocations: 4878)
Completed 200 OK in 19ms (Views: 16.0ms | ActiveRecord: 0.5ms | Allocations: 6231)


Started GET "/tasks/516" for ::1 at 2022-12-20 09:39:15 +0800
Processing by TasksController#show as HTML
  Parameters: {"id"=>"516"}
  [1m[36mTask Load (0.8ms)[0m  [1m[34mSELECT "tasks".* FROM "tasks" WHERE "tasks"."id" = $1 LIMIT $2[0m  [["id", 516], ["LIMIT", 1]]
  ↳ app/controllers/tasks_controller.rb:11:in `show'
  Rendering layout layouts/application.html.erb
  Rendering tasks/show.html.erb within layouts/application
  Rendered tasks/show.html.erb within layouts/application (Duration: 6.8ms | Allocations: 684)
  [1m[36mUser Load (0.9ms)[0m  [1m[34mSELECT "users".* FROM "users" WHERE "users"."id" = $1 ORDER BY "users"."id" ASC LIMIT $2[0m  [["id", 16], ["LIMIT", 1]]
  ↳ app/views/shared/_navar.html.erb:13
  Rendered shared/_navar.html.erb (Duration: 11.5ms | Allocations: 1375)
  Rendered shared/_footer.html.erb (Duration: 0.8ms | Allocations: 101)
  Rendered layout layouts/application.html.erb (Duration: 40.6ms | Allocations: 4885)
Completed 200 OK in 68ms (Views: 48.0ms | ActiveRecord: 1.7ms | Allocations: 6241)


Started GET "/tasks/516" for ::1 at 2022-12-20 09:41:13 +0800
Processing by TasksController#show as HTML
  Parameters: {"id"=>"516"}
  [1m[36mTask Load (0.4ms)[0m  [1m[34mSELECT "tasks".* FROM "tasks" WHERE "tasks"."id" = $1 LIMIT $2[0m  [["id", 516], ["LIMIT", 1]]
  ↳ app/controllers/tasks_controller.rb:11:in `show'
  Rendering layout layouts/application.html.erb
  Rendering tasks/show.html.erb within layouts/application
  Rendered tasks/show.html.erb within layouts/application (Duration: 1.7ms | Allocations: 684)
  [1m[36mUser Load (0.3ms)[0m  [1m[34mSELECT "users".* FROM "users" WHERE "users"."id" = $1 ORDER BY "users"."id" ASC LIMIT $2[0m  [["id", 16], ["LIMIT", 1]]
  ↳ app/views/shared/_navar.html.erb:13
  Rendered shared/_navar.html.erb (Duration: 5.6ms | Allocations: 1375)
  Rendered shared/_footer.html.erb (Duration: 1.3ms | Allocations: 101)
  Rendered layout layouts/application.html.erb (Duration: 20.0ms | Allocations: 4888)
Completed 200 OK in 25ms (Views: 21.9ms | ActiveRecord: 0.7ms | Allocations: 6241)


Started GET "/tasks/516" for ::1 at 2022-12-20 09:42:10 +0800
Processing by TasksController#show as HTML
  Parameters: {"id"=>"516"}
  [1m[36mTask Load (0.3ms)[0m  [1m[34mSELECT "tasks".* FROM "tasks" WHERE "tasks"."id" = $1 LIMIT $2[0m  [["id", 516], ["LIMIT", 1]]
  ↳ app/controllers/tasks_controller.rb:11:in `show'
  Rendering layout layouts/application.html.erb
  Rendering tasks/show.html.erb within layouts/application
  Rendered tasks/show.html.erb within layouts/application (Duration: 1.3ms | Allocations: 685)
  [1m[36mUser Load (0.3ms)[0m  [1m[34mSELECT "users".* FROM "users" WHERE "users"."id" = $1 ORDER BY "users"."id" ASC LIMIT $2[0m  [["id", 16], ["LIMIT", 1]]
  ↳ app/views/shared/_navar.html.erb:13
  Rendered shared/_navar.html.erb (Duration: 4.3ms | Allocations: 1375)
  Rendered shared/_footer.html.erb (Duration: 0.9ms | Allocations: 101)
  Rendered layout layouts/application.html.erb (Duration: 14.1ms | Allocations: 4892)
Completed 200 OK in 20ms (Views: 15.6ms | ActiveRecord: 0.6ms | Allocations: 6245)


Started GET "/tasks/516" for ::1 at 2022-12-20 09:43:01 +0800
Processing by TasksController#show as HTML
  Parameters: {"id"=>"516"}
  [1m[36mTask Load (0.2ms)[0m  [1m[34mSELECT "tasks".* FROM "tasks" WHERE "tasks"."id" = $1 LIMIT $2[0m  [["id", 516], ["LIMIT", 1]]
  ↳ app/controllers/tasks_controller.rb:11:in `show'
  Rendering layout layouts/application.html.erb
  Rendering tasks/show.html.erb within layouts/application
  Rendered tasks/show.html.erb within layouts/application (Duration: 2.2ms | Allocations: 683)
  [1m[36mUser Load (0.3ms)[0m  [1m[34mSELECT "users".* FROM "users" WHERE "users"."id" = $1 ORDER BY "users"."id" ASC LIMIT $2[0m  [["id", 16], ["LIMIT", 1]]
  ↳ app/views/shared/_navar.html.erb:13
  Rendered shared/_navar.html.erb (Duration: 4.9ms | Allocations: 1375)
  Rendered shared/_footer.html.erb (Duration: 0.8ms | Allocations: 101)
  Rendered layout layouts/application.html.erb (Duration: 16.9ms | Allocations: 4875)
Completed 200 OK in 23ms (Views: 19.0ms | ActiveRecord: 0.5ms | Allocations: 6228)


Started GET "/tasks/516" for ::1 at 2022-12-20 09:43:11 +0800
Processing by TasksController#show as HTML
  Parameters: {"id"=>"516"}
  [1m[36mTask Load (0.2ms)[0m  [1m[34mSELECT "tasks".* FROM "tasks" WHERE "tasks"."id" = $1 LIMIT $2[0m  [["id", 516], ["LIMIT", 1]]
  ↳ app/controllers/tasks_controller.rb:11:in `show'
  Rendering layout layouts/application.html.erb
  Rendering tasks/show.html.erb within layouts/application
  Rendered tasks/show.html.erb within layouts/application (Duration: 1.5ms | Allocations: 683)
  [1m[36mUser Load (0.2ms)[0m  [1m[34mSELECT "users".* FROM "users" WHERE "users"."id" = $1 ORDER BY "users"."id" ASC LIMIT $2[0m  [["id", 16], ["LIMIT", 1]]
  ↳ app/views/shared/_navar.html.erb:13
  Rendered shared/_navar.html.erb (Duration: 3.8ms | Allocations: 1375)
  Rendered shared/_footer.html.erb (Duration: 0.4ms | Allocations: 101)
  Rendered layout layouts/application.html.erb (Duration: 11.8ms | Allocations: 4887)
Completed 200 OK in 17ms (Views: 13.6ms | ActiveRecord: 0.4ms | Allocations: 6240)


